<?xml version="1.0" encoding="UTF-8"?>
<testng-results ignored="0" total="5" passed="5" failed="0" skipped="0">
  <reporter-output>
  </reporter-output>
  <suite started-at="2024-04-02T14:06:42 IST" name="Default suite" finished-at="2024-04-02T14:06:42 IST" duration-ms="319">
    <groups>
      <group name="cucumber">
        <method signature="AbstractTestNGCucumberTests.runScenario(io.cucumber.testng.PickleWrapper,io.cucumber.testng.FeatureWrapper)[pri:0, instance:runner.apolloRunnerTNg@70ed52de]" name="runScenario" class="io.cucumber.testng.AbstractTestNGCucumberTests"/>
      </group> <!-- cucumber -->
    </groups>
    <test started-at="2024-04-02T14:06:42 IST" name="Default test" finished-at="2024-04-02T14:06:42 IST" duration-ms="319">
      <class name="runner.apolloRunnerTNg">
        <test-method is-config="true" signature="setUpClass(org.testng.ITestContext)[pri:0, instance:runner.apolloRunnerTNg@70ed52de]" started-at="2024-04-02T14:06:42 IST" name="setUpClass" finished-at="2024-04-02T14:06:42 IST" duration-ms="160" status="PASS">
          <params>
            <param index="0">
              <value>
                <![CDATA[org.testng.TestRunner@1c9f0a20]]>
              </value>
            </param>
          </params>
          <reporter-output>
          </reporter-output>
        </test-method> <!-- setUpClass -->
        <test-method signature="runScenario(io.cucumber.testng.PickleWrapper,io.cucumber.testng.FeatureWrapper)[pri:0, instance:runner.apolloRunnerTNg@70ed52de]" started-at="2024-04-02T14:06:42 IST" name="runScenario" description="Runs Cucumber Scenarios" data-provider="scenarios" finished-at="2024-04-02T14:06:42 IST" duration-ms="91" status="PASS">
          <params>
            <param index="0">
              <value>
                <![CDATA["Clicking on cardiology Module"]]>
              </value>
            </param>
            <param index="1">
              <value>
                <![CDATA["Apollo 24/7 application"]]>
              </value>
            </param>
          </params>
          <reporter-output>
          </reporter-output>
        </test-method> <!-- runScenario -->
        <test-method signature="runScenario(io.cucumber.testng.PickleWrapper,io.cucumber.testng.FeatureWrapper)[pri:0, instance:runner.apolloRunnerTNg@70ed52de]" started-at="2024-04-02T14:06:42 IST" name="runScenario" description="Runs Cucumber Scenarios" data-provider="scenarios" finished-at="2024-04-02T14:06:42 IST" duration-ms="7" status="PASS">
          <params>
            <param index="0">
              <value>
                <![CDATA["Opting doctor for online session"]]>
              </value>
            </param>
            <param index="1">
              <value>
                <![CDATA["Apollo 24/7 application"]]>
              </value>
            </param>
          </params>
          <reporter-output>
          </reporter-output>
        </test-method> <!-- runScenario -->
        <test-method signature="runScenario(io.cucumber.testng.PickleWrapper,io.cucumber.testng.FeatureWrapper)[pri:0, instance:runner.apolloRunnerTNg@70ed52de]" started-at="2024-04-02T14:06:42 IST" name="runScenario" description="Runs Cucumber Scenarios" data-provider="scenarios" finished-at="2024-04-02T14:06:42 IST" duration-ms="4" status="PASS">
          <params>
            <param index="0">
              <value>
                <![CDATA["Clicking on dermotology Module"]]>
              </value>
            </param>
            <param index="1">
              <value>
                <![CDATA["Apollo 24/7 application"]]>
              </value>
            </param>
          </params>
          <reporter-output>
          </reporter-output>
        </test-method> <!-- runScenario -->
        <test-method signature="runScenario(io.cucumber.testng.PickleWrapper,io.cucumber.testng.FeatureWrapper)[pri:0, instance:runner.apolloRunnerTNg@70ed52de]" started-at="2024-04-02T14:06:42 IST" name="runScenario" description="Runs Cucumber Scenarios" data-provider="scenarios" finished-at="2024-04-02T14:06:42 IST" duration-ms="4" status="PASS">
          <params>
            <param index="0">
              <value>
                <![CDATA["Opting derm doctor for online session"]]>
              </value>
            </param>
            <param index="1">
              <value>
                <![CDATA["Apollo 24/7 application"]]>
              </value>
            </param>
          </params>
          <reporter-output>
          </reporter-output>
        </test-method> <!-- runScenario -->
        <test-method signature="runScenario(io.cucumber.testng.PickleWrapper,io.cucumber.testng.FeatureWrapper)[pri:0, instance:runner.apolloRunnerTNg@70ed52de]" started-at="2024-04-02T14:06:42 IST" name="runScenario" description="Runs Cucumber Scenarios" data-provider="scenarios" finished-at="2024-04-02T14:06:42 IST" duration-ms="5" status="PASS">
          <params>
            <param index="0">
              <value>
                <![CDATA["Doctor NotAvailable"]]>
              </value>
            </param>
            <param index="1">
              <value>
                <![CDATA["Apollo 24/7 application"]]>
              </value>
            </param>
          </params>
          <reporter-output>
          </reporter-output>
        </test-method> <!-- runScenario -->
        <test-method is-config="true" signature="tearDownClass()[pri:0, instance:runner.apolloRunnerTNg@70ed52de]" started-at="2024-04-02T14:06:42 IST" name="tearDownClass" finished-at="2024-04-02T14:06:42 IST" duration-ms="2" status="PASS">
          <reporter-output>
          </reporter-output>
        </test-method> <!-- tearDownClass -->
      </class> <!-- runner.apolloRunnerTNg -->
    </test> <!-- Default test -->
  </suite> <!-- Default suite -->
</testng-results>
